<?xml version="1.0" encoding="UTF-8"?>
<robot generator="Robot 6.1 (Python 3.11.4 on win32)" generated="20230621 21:20:30.710" rpa="false" schemaversion="4">
<suite id="s1" name="Autofbs" source="d:\VCCODE\autofbs.robot">
<test id="s1-t1" name="Open Browser" line="6">
<kw name="Open Browser" library="SeleniumLibrary">
<arg>https://ind-fbs-broker.com/</arg>
<arg>chrome</arg>
<doc>Opens a new browser instance to the optional ``url``.</doc>
<msg timestamp="20230621 21:20:31.807" level="INFO">Opening browser 'chrome' to base url 'https://ind-fbs-broker.com/'.</msg>
<status status="PASS" starttime="20230621 21:20:31.800" endtime="20230621 21:20:38.997"/>
</kw>
<kw name="Maximize Browser Window" library="SeleniumLibrary">
<doc>Maximizes current browser window.</doc>
<status status="PASS" starttime="20230621 21:20:38.999" endtime="20230621 21:20:39.230"/>
</kw>
<kw name="Reload Page" library="SeleniumLibrary">
<doc>Simulates user reloading page.</doc>
<status status="PASS" starttime="20230621 21:20:39.234" endtime="20230621 21:20:39.322"/>
</kw>
<kw name="Click Element" library="SeleniumLibrary">
<arg>xpath:/html/body/header/div[2]/div/div/div[2]/div[5]/a</arg>
<doc>Click the element identified by ``locator``.</doc>
<msg timestamp="20230621 21:20:39.329" level="INFO">Clicking element 'xpath:/html/body/header/div[2]/div/div/div[2]/div[5]/a'.</msg>
<status status="PASS" starttime="20230621 21:20:39.324" endtime="20230621 21:20:41.677"/>
</kw>
<kw name="Sleep" library="BuiltIn">
<arg>2</arg>
<doc>Pauses the test executed for the given time.</doc>
<msg timestamp="20230621 21:20:43.684" level="INFO">Slept 2 seconds</msg>
<status status="PASS" starttime="20230621 21:20:41.679" endtime="20230621 21:20:43.685"/>
</kw>
<kw name="Click Element" library="SeleniumLibrary">
<arg>xpath:/html/body/header/div[2]/div/div/div[2]/div[5]/nav/div[1]/div[1]/div/div[1]/ul/li[1]/a</arg>
<doc>Click the element identified by ``locator``.</doc>
<msg timestamp="20230621 21:20:43.691" level="INFO">Clicking element 'xpath:/html/body/header/div[2]/div/div/div[2]/div[5]/nav/div[1]/div[1]/div/div[1]/ul/li[1]/a'.</msg>
<status status="PASS" starttime="20230621 21:20:43.687" endtime="20230621 21:20:46.236"/>
</kw>
<kw name="Sleep" library="BuiltIn">
<arg>5</arg>
<doc>Pauses the test executed for the given time.</doc>
<msg timestamp="20230621 21:20:51.240" level="INFO">Slept 5 seconds</msg>
<status status="PASS" starttime="20230621 21:20:46.238" endtime="20230621 21:20:51.240"/>
</kw>
<kw name="Click Element" library="SeleniumLibrary">
<arg>xpath:/html/body/header/div[2]/div/div/div[1]/a/img</arg>
<doc>Click the element identified by ``locator``.</doc>
<msg timestamp="20230621 21:20:51.247" level="INFO">Clicking element 'xpath:/html/body/header/div[2]/div/div/div[1]/a/img'.</msg>
<status status="PASS" starttime="20230621 21:20:51.243" endtime="20230621 21:20:53.595"/>
</kw>
<kw name="Click Element" library="SeleniumLibrary">
<arg>xpath:/html/body/header/div[2]/div/div/div[2]/div[4]/a</arg>
<doc>Click the element identified by ``locator``.</doc>
<msg timestamp="20230621 21:20:53.601" level="INFO">Clicking element 'xpath:/html/body/header/div[2]/div/div/div[2]/div[4]/a'.</msg>
<status status="PASS" starttime="20230621 21:20:53.597" endtime="20230621 21:20:54.015"/>
</kw>
<kw name="Sleep" library="BuiltIn">
<arg>2</arg>
<doc>Pauses the test executed for the given time.</doc>
<msg timestamp="20230621 21:20:56.021" level="INFO">Slept 2 seconds</msg>
<status status="PASS" starttime="20230621 21:20:54.019" endtime="20230621 21:20:56.022"/>
</kw>
<kw name="Click Element" library="SeleniumLibrary">
<arg>xpath:/html/body/header/div[2]/div/div/div[2]/div[4]/nav/div[1]/div[2]/div/div[2]/ul/li[1]</arg>
<doc>Click the element identified by ``locator``.</doc>
<msg timestamp="20230621 21:20:56.028" level="INFO">Clicking element 'xpath:/html/body/header/div[2]/div/div/div[2]/div[4]/nav/div[1]/div[2]/div/div[2]/ul/li[1]'.</msg>
<status status="PASS" starttime="20230621 21:20:56.024" endtime="20230621 21:20:58.313"/>
</kw>
<kw name="Sleep" library="BuiltIn">
<arg>5</arg>
<doc>Pauses the test executed for the given time.</doc>
<msg timestamp="20230621 21:21:03.318" level="INFO">Slept 5 seconds</msg>
<status status="PASS" starttime="20230621 21:20:58.315" endtime="20230621 21:21:03.319"/>
</kw>
<kw name="Click Element" library="SeleniumLibrary">
<arg>xpath:/html/body/header/div[2]/div/div/div[1]/a/img</arg>
<doc>Click the element identified by ``locator``.</doc>
<msg timestamp="20230621 21:21:03.327" level="INFO">Clicking element 'xpath:/html/body/header/div[2]/div/div/div[1]/a/img'.</msg>
<status status="PASS" starttime="20230621 21:21:03.321" endtime="20230621 21:21:05.911"/>
</kw>
<kw name="Click Element" library="SeleniumLibrary">
<arg>xpath:/html/body/header/div[2]/div/div/div[2]/div[1]/a</arg>
<doc>Click the element identified by ``locator``.</doc>
<msg timestamp="20230621 21:21:05.917" level="INFO">Clicking element 'xpath:/html/body/header/div[2]/div/div/div[2]/div[1]/a'.</msg>
<status status="PASS" starttime="20230621 21:21:05.913" endtime="20230621 21:21:06.352"/>
</kw>
<kw name="Sleep" library="BuiltIn">
<arg>2</arg>
<doc>Pauses the test executed for the given time.</doc>
<msg timestamp="20230621 21:21:08.357" level="INFO">Slept 2 seconds</msg>
<status status="PASS" starttime="20230621 21:21:06.355" endtime="20230621 21:21:08.358"/>
</kw>
<kw name="Click Element" library="SeleniumLibrary">
<arg>xpath:/html/body/header/div[2]/div/div/div[2]/div[1]/nav/div[1]/div[1]/div/div[1]/ul/li[2]/a</arg>
<doc>Click the element identified by ``locator``.</doc>
<msg timestamp="20230621 21:21:08.363" level="INFO">Clicking element 'xpath:/html/body/header/div[2]/div/div/div[2]/div[1]/nav/div[1]/div[1]/div/div[1]/ul/li[2]/a'.</msg>
<status status="PASS" starttime="20230621 21:21:08.360" endtime="20230621 21:21:12.447"/>
</kw>
<kw name="Sleep" library="BuiltIn">
<arg>5</arg>
<doc>Pauses the test executed for the given time.</doc>
<msg timestamp="20230621 21:21:17.451" level="INFO">Slept 5 seconds</msg>
<status status="PASS" starttime="20230621 21:21:12.450" endtime="20230621 21:21:17.452"/>
</kw>
<kw name="Click Element" library="SeleniumLibrary">
<arg>xpath:/html/body/header/div[2]/div/div/div[1]/a/img</arg>
<doc>Click the element identified by ``locator``.</doc>
<msg timestamp="20230621 21:21:17.458" level="INFO">Clicking element 'xpath:/html/body/header/div[2]/div/div/div[1]/a/img'.</msg>
<status status="PASS" starttime="20230621 21:21:17.454" endtime="20230621 21:21:20.087"/>
</kw>
<kw name="Click Element" library="SeleniumLibrary">
<arg>xpath:/html/body/header/div[2]/div/div/div[2]/div[1]/a</arg>
<doc>Click the element identified by ``locator``.</doc>
<msg timestamp="20230621 21:21:20.094" level="INFO">Clicking element 'xpath:/html/body/header/div[2]/div/div/div[2]/div[1]/a'.</msg>
<status status="PASS" starttime="20230621 21:21:20.089" endtime="20230621 21:21:20.457"/>
</kw>
<kw name="Sleep" library="BuiltIn">
<arg>2</arg>
<doc>Pauses the test executed for the given time.</doc>
<msg timestamp="20230621 21:21:22.461" level="INFO">Slept 2 seconds</msg>
<status status="PASS" starttime="20230621 21:21:20.459" endtime="20230621 21:21:22.462"/>
</kw>
<kw name="Click Element" library="SeleniumLibrary">
<arg>xpath:/html/body/header/div[2]/div/div/div[2]/div[1]/nav/div[1]/div[2]/div/div[2]/ul/li[2]/a</arg>
<doc>Click the element identified by ``locator``.</doc>
<msg timestamp="20230621 21:21:22.467" level="INFO">Clicking element 'xpath:/html/body/header/div[2]/div/div/div[2]/div[1]/nav/div[1]/div[2]/div/div[2]/ul/li[2]/a'.</msg>
<status status="PASS" starttime="20230621 21:21:22.464" endtime="20230621 21:21:25.504"/>
</kw>
<kw name="Sleep" library="BuiltIn">
<arg>5</arg>
<doc>Pauses the test executed for the given time.</doc>
<msg timestamp="20230621 21:21:30.508" level="INFO">Slept 5 seconds</msg>
<status status="PASS" starttime="20230621 21:21:25.506" endtime="20230621 21:21:30.509"/>
</kw>
<kw name="Click Element" library="SeleniumLibrary">
<arg>xpath:/html/body/header/div[2]/div/div/div[1]/a/img</arg>
<doc>Click the element identified by ``locator``.</doc>
<msg timestamp="20230621 21:21:30.515" level="INFO">Clicking element 'xpath:/html/body/header/div[2]/div/div/div[1]/a/img'.</msg>
<status status="PASS" starttime="20230621 21:21:30.511" endtime="20230621 21:21:32.890"/>
</kw>
<kw name="Click Element" library="SeleniumLibrary">
<arg>xpath:/html/body/header/div[2]/div/div/div[2]/div[1]/a</arg>
<doc>Click the element identified by ``locator``.</doc>
<msg timestamp="20230621 21:21:32.895" level="INFO">Clicking element 'xpath:/html/body/header/div[2]/div/div/div[2]/div[1]/a'.</msg>
<status status="PASS" starttime="20230621 21:21:32.892" endtime="20230621 21:21:33.253"/>
</kw>
<kw name="Sleep" library="BuiltIn">
<arg>2</arg>
<doc>Pauses the test executed for the given time.</doc>
<msg timestamp="20230621 21:21:35.259" level="INFO">Slept 2 seconds</msg>
<status status="PASS" starttime="20230621 21:21:33.256" endtime="20230621 21:21:35.260"/>
</kw>
<kw name="Click Element" library="SeleniumLibrary">
<arg>xpath:/html/body/header/div[2]/div/div/div[2]/div[1]/nav/div[1]/div[2]/div/div[2]/ul/li[3]/a</arg>
<doc>Click the element identified by ``locator``.</doc>
<msg timestamp="20230621 21:21:35.266" level="INFO">Clicking element 'xpath:/html/body/header/div[2]/div/div/div[2]/div[1]/nav/div[1]/div[2]/div/div[2]/ul/li[3]/a'.</msg>
<status status="PASS" starttime="20230621 21:21:35.262" endtime="20230621 21:21:37.645"/>
</kw>
<kw name="Sleep" library="BuiltIn">
<arg>5</arg>
<doc>Pauses the test executed for the given time.</doc>
<msg timestamp="20230621 21:21:42.649" level="INFO">Slept 5 seconds</msg>
<status status="PASS" starttime="20230621 21:21:37.647" endtime="20230621 21:21:42.650"/>
</kw>
<kw name="Click Element" library="SeleniumLibrary">
<arg>xpath:/html/body/header/div[2]/div/div/div[1]/a/img</arg>
<doc>Click the element identified by ``locator``.</doc>
<msg timestamp="20230621 21:21:42.655" level="INFO">Clicking element 'xpath:/html/body/header/div[2]/div/div/div[1]/a/img'.</msg>
<status status="PASS" starttime="20230621 21:21:42.652" endtime="20230621 21:21:44.987"/>
</kw>
<kw name="Scroll Element Into View" library="SeleniumLibrary">
<arg>xpath://h2[contains(text(),'Deposit dengan sistem pembayaran bank lokal DI IND')]</arg>
<doc>Scrolls the element identified by ``locator`` into view.</doc>
<status status="PASS" starttime="20230621 21:21:44.989" endtime="20230621 21:21:45.340"/>
</kw>
<kw name="Sleep" library="BuiltIn">
<arg>5</arg>
<doc>Pauses the test executed for the given time.</doc>
<msg timestamp="20230621 21:21:50.346" level="INFO">Slept 5 seconds</msg>
<status status="PASS" starttime="20230621 21:21:45.342" endtime="20230621 21:21:50.347"/>
</kw>
<kw name="Execute Javascript" library="SeleniumLibrary">
<arg>window.scrollTo(1500,0)</arg>
<doc>Executes the given JavaScript code with possible arguments.</doc>
<msg timestamp="20230621 21:21:50.352" level="INFO">Executing JavaScript:
window.scrollTo(1500,0)
Without any arguments.</msg>
<status status="PASS" starttime="20230621 21:21:50.349" endtime="20230621 21:21:50.376"/>
</kw>
<kw name="Sleep" library="BuiltIn">
<arg>5</arg>
<doc>Pauses the test executed for the given time.</doc>
<msg timestamp="20230621 21:21:55.381" level="INFO">Slept 5 seconds</msg>
<status status="PASS" starttime="20230621 21:21:50.378" endtime="20230621 21:21:55.382"/>
</kw>
<kw name="Click Element" library="SeleniumLibrary">
<arg>xpath://a[@class='js-menu-link menu-lower__link']</arg>
<doc>Click the element identified by ``locator``.</doc>
<msg timestamp="20230621 21:21:55.388" level="INFO">Clicking element 'xpath://a[@class='js-menu-link menu-lower__link']'.</msg>
<status status="PASS" starttime="20230621 21:21:55.384" endtime="20230621 21:21:55.534"/>
</kw>
<kw name="Sleep" library="BuiltIn">
<arg>2</arg>
<doc>Pauses the test executed for the given time.</doc>
<msg timestamp="20230621 21:21:57.539" level="INFO">Slept 2 seconds</msg>
<status status="PASS" starttime="20230621 21:21:55.537" endtime="20230621 21:21:57.540"/>
</kw>
<kw name="Click Element" library="SeleniumLibrary">
<arg>xpath://a[normalize-space()='Forex']</arg>
<doc>Click the element identified by ``locator``.</doc>
<msg timestamp="20230621 21:21:57.545" level="INFO">Clicking element 'xpath://a[normalize-space()='Forex']'.</msg>
<status status="PASS" starttime="20230621 21:21:57.542" endtime="20230621 21:22:00.956"/>
</kw>
<kw name="Sleep" library="BuiltIn">
<arg>5</arg>
<doc>Pauses the test executed for the given time.</doc>
<msg timestamp="20230621 21:22:05.961" level="INFO">Slept 5 seconds</msg>
<status status="PASS" starttime="20230621 21:22:00.958" endtime="20230621 21:22:05.962"/>
</kw>
<kw name="Click Element" library="SeleniumLibrary">
<arg>xpath:/html/body/header/div[2]/div/div/div[1]/a/img</arg>
<doc>Click the element identified by ``locator``.</doc>
<msg timestamp="20230621 21:22:05.969" level="INFO">Clicking element 'xpath:/html/body/header/div[2]/div/div/div[1]/a/img'.</msg>
<status status="PASS" starttime="20230621 21:22:05.964" endtime="20230621 21:22:10.453"/>
</kw>
<kw name="Click Element" library="SeleniumLibrary">
<arg>xpath://span[normalize-space()='Analisis &amp; Pendidikan']</arg>
<doc>Click the element identified by ``locator``.</doc>
<msg timestamp="20230621 21:22:10.458" level="INFO">Clicking element 'xpath://span[normalize-space()='Analisis &amp; Pendidikan']'.</msg>
<status status="PASS" starttime="20230621 21:22:10.454" endtime="20230621 21:22:10.817"/>
</kw>
<kw name="Sleep" library="BuiltIn">
<arg>2</arg>
<doc>Pauses the test executed for the given time.</doc>
<msg timestamp="20230621 21:22:12.821" level="INFO">Slept 2 seconds</msg>
<status status="PASS" starttime="20230621 21:22:10.819" endtime="20230621 21:22:12.821"/>
</kw>
<kw name="Click Element" library="SeleniumLibrary">
<arg>xpath://a[normalize-space()='Video pelajaran']</arg>
<doc>Click the element identified by ``locator``.</doc>
<msg timestamp="20230621 21:22:12.827" level="INFO">Clicking element 'xpath://a[normalize-space()='Video pelajaran']'.</msg>
<status status="PASS" starttime="20230621 21:22:12.823" endtime="20230621 21:22:15.355"/>
</kw>
<kw name="Sleep" library="BuiltIn">
<arg>5</arg>
<doc>Pauses the test executed for the given time.</doc>
<msg timestamp="20230621 21:22:20.359" level="INFO">Slept 5 seconds</msg>
<status status="PASS" starttime="20230621 21:22:15.357" endtime="20230621 21:22:20.360"/>
</kw>
<kw name="Click Element" library="SeleniumLibrary">
<arg>xpath:/html/body/header/div[2]/div/div/div[1]/a/img</arg>
<doc>Click the element identified by ``locator``.</doc>
<msg timestamp="20230621 21:22:20.371" level="INFO">Clicking element 'xpath:/html/body/header/div[2]/div/div/div[1]/a/img'.</msg>
<status status="PASS" starttime="20230621 21:22:20.368" endtime="20230621 21:22:22.886"/>
</kw>
<kw name="Sleep" library="BuiltIn">
<arg>5</arg>
<doc>Pauses the test executed for the given time.</doc>
<msg timestamp="20230621 21:22:27.892" level="INFO">Slept 5 seconds</msg>
<status status="PASS" starttime="20230621 21:22:22.889" endtime="20230621 21:22:27.893"/>
</kw>
<kw name="Close Browser" library="SeleniumLibrary">
<doc>Closes the current browser.</doc>
<status status="PASS" starttime="20230621 21:22:27.895" endtime="20230621 21:22:30.227"/>
</kw>
<status status="PASS" starttime="20230621 21:20:31.796" endtime="20230621 21:22:30.230"/>
</test>
<status status="PASS" starttime="20230621 21:20:30.729" endtime="20230621 21:22:30.235"/>
</suite>
<statistics>
<total>
<stat pass="1" fail="0" skip="0">All Tests</stat>
</total>
<tag>
</tag>
<suite>
<stat pass="1" fail="0" skip="0" id="s1" name="Autofbs">Autofbs</stat>
</suite>
</statistics>
<errors>
</errors>
</robot>
